10:20:46 [INFO] Borsa Analiz Botu başlatılıyor...
10:20:46 [INFO] Tarama saatleri: 10:00, 13:00, 16:30
10:20:51 [ERROR] Telegram mesaj gönderilemedi: 400 Client Error: Bad Request for url: https://api.telegram.org/bot8966771916:AAFqxxE1oDTdNxPVJJS_vt-vjOyDte0r0HI/sendMessage
10:20:51 [INFO] Scheduler çalışıyor. Çıkmak için Ctrl+C
10:24:18 [INFO] ==================================================
10:24:18 [INFO] BIST 100 TARAMASI BAŞLIYOR
10:24:18 [INFO] ==================================================
10:24:19 [WARNING] Web scraping başarısız: 404 Client Error: Not Found for url: https://bigpara.hurriyet.com.tr/borsa/endeks-hisseleri/?endeks=XU100
10:24:19 [INFO] Yedek BIST 100 listesi kullanılıyor.
10:24:19 [INFO] Taranacak hisse sayısı: 95
10:24:19 [INFO] Borsa Analiz Botu başlatılıyor...
10:24:19 [INFO] Tarama saatleri: 10:00, 13:00, 16:30
10:24:20 [INFO] Scheduler çalışıyor. Çıkmak için Ctrl+C
10:30:58 [INFO] Borsa Analiz Botu başlatılıyor...
10:30:58 [INFO] Tarama zamanlaması: Hafta içi her saat başı, 10:00–18:00 arası
10:31:00 [INFO] Scheduler çalışıyor. Çıkmak için Ctrl+C
10:39:10 [INFO] THYAO backtest için indiriliyor...
10:39:12 [INFO] GARAN backtest için indiriliyor...
10:44:33 [INFO] ==================================================
10:44:33 [INFO] BIST 100 TARAMASI BAŞLIYOR
10:44:33 [INFO] ==================================================
10:44:33 [WARNING] Web scraping başarısız: 404 Client Error: Not Found for url: https://bigpara.hurriyet.com.tr/borsa/endeks-hisseleri/?endeks=XU100
10:44:33 [INFO] Yedek BIST 100 listesi kullanılıyor.
10:44:33 [INFO] Taranacak hisse sayısı: 95
10:46:27 [INFO] ==================================================
10:46:27 [INFO] BIST 100 TARAMASI BAŞLIYOR
10:46:27 [INFO] ==================================================
10:46:27 [WARNING] Web scraping başarısız: 404 Client Error: Not Found for url: https://bigpara.hurriyet.com.tr/borsa/endeks-hisseleri/?endeks=XU100
10:46:27 [INFO] Yedek BIST 100 listesi kullanılıyor.
10:46:27 [INFO] Taranacak hisse sayısı: 95
10:46:27 [INFO] [1/95] AKBNK indiriliyor...
10:46:28 [INFO] [2/95] AKSEN indiriliyor...
10:46:29 [INFO] [3/95] ALARK indiriliyor...
10:46:30 [INFO] [4/95] ALBRK indiriliyor...
10:46:31 [INFO] [5/95] ALFAS indiriliyor...
10:46:32 [INFO] [6/95] ALKIM indiriliyor...
10:46:33 [INFO] [7/95] ANACM indiriliyor...
10:46:35 [ERROR] $ANACM.IS: possibly delisted; no price data found  (period=1y) (Yahoo error = "No data found, symbol may be delisted")
10:46:35 [ERROR] 
1 Failed download:
10:46:35 [ERROR] ['ANACM.IS']: possibly delisted; no price data found  (period=1y) (Yahoo error = "No data found, symbol may be delisted")
10:46:35 [INFO] [8/95] ARCLK indiriliyor...
10:46:36 [INFO] [9/95] ARDYZ indiriliyor...
10:46:37 [INFO] [10/95] ASELS indiriliyor...
10:46:38 [INFO] [11/95] ASTOR indiriliyor...
10:46:39 [INFO] [12/95] AYDEM indiriliyor...
10:46:40 [INFO] [13/95] AYGAZ indiriliyor...
10:46:41 [INFO] [14/95] BERA indiriliyor...
10:46:42 [INFO] [15/95] BIMAS indiriliyor...
10:46:43 [INFO] [16/95] BRISA indiriliyor...
10:46:44 [INFO] [17/95] BRYAT indiriliyor...
10:46:45 [INFO] [18/95] BTCIM indiriliyor...
10:46:45 [INFO] [19/95] CCOLA indiriliyor...
10:46:46 [INFO] [20/95] CIMSA indiriliyor...
10:46:47 [INFO] [21/95] CWENE indiriliyor...
10:46:48 [INFO] [22/95] DOAS indiriliyor...
10:46:49 [INFO] [23/95] DOHOL indiriliyor...
10:46:49 [INFO] [24/95] EKGYO indiriliyor...
10:46:51 [INFO] [25/95] ENERY indiriliyor...
10:46:52 [INFO] [26/95] ENJSA indiriliyor...
10:46:53 [INFO] [27/95] ENKAI indiriliyor...
10:46:53 [INFO] [28/95] ERBOS indiriliyor...
10:46:54 [INFO] [29/95] EREGL indiriliyor...
10:46:55 [INFO] [30/95] EUPWR indiriliyor...
10:46:56 [INFO] [31/95] FROTO indiriliyor...
10:46:57 [INFO] [32/95] GARAN indiriliyor...
10:46:57 [INFO] [33/95] GESAN indiriliyor...
10:46:58 [INFO] [34/95] GUBRF indiriliyor...
10:46:59 [INFO] [35/95] HALKB indiriliyor...
10:47:00 [INFO] [36/95] HEKTS indiriliyor...
10:47:01 [INFO] [37/95] ISCTR indiriliyor...
10:47:01 [INFO] [38/95] ISFIN indiriliyor...
10:47:04 [INFO] [39/95] ISGYO indiriliyor...
10:47:05 [INFO] [40/95] ISMEN indiriliyor...
10:47:05 [INFO] [41/95] KARSN indiriliyor...
10:47:06 [INFO] [42/95] KCAER indiriliyor...
10:47:07 [INFO] [43/95] KCHOL indiriliyor...
10:47:08 [INFO] [44/95] KLNMA indiriliyor...
10:47:09 [INFO] [45/95] KONTR indiriliyor...
10:47:09 [INFO] [46/95] KONYA indiriliyor...
10:47:10 [INFO] [47/95] KORDS indiriliyor...
10:47:11 [INFO] [48/95] KOZAA indiriliyor...
10:47:13 [ERROR] HTTP Error 404: {"quoteSummary":{"result":null,"error":{"code":"Not Found","description":"Quote not found for symbol: KOZAA.IS"}}}
10:47:14 [ERROR] $KOZAA.IS: possibly delisted; no price data found  (period=1y) (Yahoo error = "No data found, symbol may be delisted")
10:47:14 [ERROR] 
1 Failed download:
10:47:14 [ERROR] ['KOZAA.IS']: possibly delisted; no price data found  (period=1y) (Yahoo error = "No data found, symbol may be delisted")
10:47:14 [INFO] [49/95] KOZAL indiriliyor...
10:47:16 [ERROR] $KOZAL.IS: possibly delisted; no price data found  (period=1y) (Yahoo error = "No data found, symbol may be delisted")
10:47:16 [ERROR] 
1 Failed download:
10:47:16 [ERROR] ['KOZAL.IS']: possibly delisted; no price data found  (period=1y) (Yahoo error = "No data found, symbol may be delisted")
10:47:16 [INFO] [50/95] KRDMD indiriliyor...
10:47:17 [INFO] [51/95] LOGO indiriliyor...
10:47:18 [INFO] [52/95] MAVI indiriliyor...
10:47:19 [INFO] [53/95] MGROS indiriliyor...
10:47:20 [INFO] [54/95] MIATK indiriliyor...
10:47:20 [INFO] [55/95] OTKAR indiriliyor...
10:47:21 [INFO] [56/95] OYAKC indiriliyor...
10:47:22 [INFO] [57/95] PEKGY indiriliyor...
10:47:23 [INFO] [58/95] PETKM indiriliyor...
10:47:24 [INFO] [59/95] PGSUS indiriliyor...
10:47:25 [INFO] [60/95] SAHOL indiriliyor...
10:47:25 [INFO] [61/95] SASA indiriliyor...
10:47:26 [INFO] [62/95] SISE indiriliyor...
10:47:27 [INFO] [63/95] SKBNK indiriliyor...
10:47:28 [INFO] [64/95] SOKM indiriliyor...
10:47:29 [INFO] [65/95] TAVHL indiriliyor...
10:47:30 [INFO] [66/95] TCELL indiriliyor...
10:47:31 [INFO] [67/95] THYAO indiriliyor...
10:47:31 [INFO] [68/95] TKFEN indiriliyor...
10:47:32 [INFO] [69/95] TMSN indiriliyor...
10:47:33 [INFO] [70/95] TOASO indiriliyor...
10:47:34 [INFO] [71/95] TSKB indiriliyor...
10:47:35 [INFO] [72/95] TTKOM indiriliyor...
10:47:36 [INFO] [73/95] TTRAK indiriliyor...
10:47:37 [INFO] [74/95] TUPRS indiriliyor...
10:47:38 [INFO] [75/95] ULKER indiriliyor...
10:47:39 [INFO] [76/95] VAKBN indiriliyor...
10:47:40 [INFO] [77/95] VESTL indiriliyor...
10:47:40 [INFO] [78/95] YKBNK indiriliyor...
10:47:41 [INFO] [79/95] AGESA indiriliyor...
10:47:42 [INFO] [80/95] ODAS indiriliyor...
10:47:43 [INFO] [81/95] TRGYO indiriliyor...
10:47:44 [INFO] [82/95] KCAER indiriliyor...
10:47:45 [INFO] [83/95] KERVT indiriliyor...
10:47:47 [ERROR] $KERVT.IS: possibly delisted; no price data found  (period=1y) (Yahoo error = "No data found, symbol may be delisted")
10:47:47 [ERROR] 
1 Failed download:
10:47:47 [ERROR] ['KERVT.IS']: possibly delisted; no price data found  (period=1y) (Yahoo error = "No data found, symbol may be delisted")
10:47:47 [INFO] [84/95] SELEC indiriliyor...
10:47:48 [INFO] [85/95] KMPUR indiriliyor...
10:47:49 [INFO] [86/95] ZEREN indiriliyor...
10:47:51 [ERROR] $ZEREN.IS: possibly delisted; no price data found  (period=1y) (Yahoo error = "No data found, symbol may be delisted")
10:47:51 [ERROR] 
1 Failed download:
10:47:51 [ERROR] ['ZEREN.IS']: possibly delisted; no price data found  (period=1y) (Yahoo error = "No data found, symbol may be delisted")
10:47:51 [INFO] [87/95] NETAS indiriliyor...
10:47:52 [INFO] [88/95] RGYAS indiriliyor...
10:47:52 [INFO] [89/95] PARSN indiriliyor...
10:47:53 [INFO] [90/95] UFUK indiriliyor...
10:47:54 [INFO] [91/95] QUAGR indiriliyor...
10:47:55 [INFO] [92/95] TURSG indiriliyor...
10:47:56 [INFO] [93/95] SMRTG indiriliyor...
10:47:57 [INFO] [94/95] YYLGD indiriliyor...
10:47:58 [INFO] [95/95] VERUS indiriliyor...
10:47:59 [INFO] Toplam 89/95 hisse için veri indirildi.
10:47:59 [INFO] Analiz tamamlandı. 89 hisse analiz edildi.
10:48:01 [INFO]   ENJSA | Skor: 4/6 | RSI: 47.2 | NVI: ✗ | Güvenilirlik: ORTA | Telegram: GÖNDERILDI
10:48:02 [INFO]   ISMEN | Skor: 4/6 | RSI: 44.0 | NVI: ✗ | Güvenilirlik: ORTA | Telegram: GÖNDERILDI
10:48:04 [INFO]   KONYA | Skor: 4/6 | RSI: 43.4 | NVI: ✗ | Güvenilirlik: ORTA | Telegram: GÖNDERILDI
10:48:05 [INFO]   SASA | Skor: 4/6 | RSI: 52.2 | NVI: ✓ | Güvenilirlik: ORTA | Telegram: GÖNDERILDI
10:48:07 [INFO]   VESTL | Skor: 4/6 | RSI: 42.0 | NVI: ✗ | Güvenilirlik: DÜŞÜK | Telegram: GÖNDERILDI
10:48:09 [INFO]   BTCIM | Skor: 3/6 | RSI: 45.7 | NVI: ✗ | Güvenilirlik: ORTA | Telegram: GÖNDERILDI
10:48:11 [INFO]   CCOLA | Skor: 3/6 | RSI: 51.1 | NVI: ✗ | Güvenilirlik: DÜŞÜK | Telegram: GÖNDERILDI
10:48:12 [INFO]   CIMSA | Skor: 3/6 | RSI: 43.8 | NVI: ✗ | Güvenilirlik: ORTA | Telegram: GÖNDERILDI
10:48:14 [INFO]   MAVI | Skor: 3/6 | RSI: 48.5 | NVI: ✗ | Güvenilirlik: DÜŞÜK | Telegram: GÖNDERILDI
10:48:16 [INFO]   SISE | Skor: 3/6 | RSI: 51.6 | NVI: ✗ | Güvenilirlik: ORTA | Telegram: GÖNDERILDI
10:48:18 [INFO]   ULKER | Skor: 3/6 | RSI: 46.8 | NVI: ✗ | Güvenilirlik: ORTA | Telegram: GÖNDERILDI
10:48:20 [INFO]   SELEC | Skor: 3/6 | RSI: 85.9 | NVI: ✓ | Güvenilirlik: DÜŞÜK | Telegram: GÖNDERILDI
10:48:22 [INFO]   KMPUR | Skor: 3/6 | RSI: 51.3 | NVI: ✗ | Güvenilirlik: ORTA | Telegram: GÖNDERILDI
10:48:23 [INFO]   YYLGD | Skor: 3/6 | RSI: 47.7 | NVI: ✗ | Güvenilirlik: YÜKSEK | Telegram: GÖNDERILDI
10:48:24 [INFO] İzleme listesi (38 hisse):
10:48:24 [INFO]   👀 AKBNK | Skor: 2/6 | RSI: 68.7
10:48:24 [INFO]   👀 AKSEN | Skor: 2/6 | RSI: 53.4
10:48:24 [INFO]   👀 ALKIM | Skor: 2/6 | RSI: 62.3
10:48:24 [INFO]   👀 ASELS | Skor: 2/6 | RSI: 52.6
10:48:24 [INFO]   👀 BRISA | Skor: 2/6 | RSI: 46.4
10:48:24 [INFO]   👀 CWENE | Skor: 2/6 | RSI: 59.0
10:48:24 [INFO]   👀 EKGYO | Skor: 2/6 | RSI: 64.5
10:48:24 [INFO]   👀 ENERY | Skor: 2/6 | RSI: 65.8
10:48:24 [INFO]   👀 ERBOS | Skor: 2/6 | RSI: 41.4
10:48:24 [INFO]   👀 GARAN | Skor: 2/6 | RSI: 65.0
10:48:24 [INFO] Tarama tamamlandı.

10:54:56 [INFO] ==================================================
10:54:56 [INFO] BIST 100 TARAMASI BAŞLIYOR
10:54:56 [INFO] ==================================================
10:54:57 [INFO] Canlı API'den 645 işlem gören hisse kodu alındı.
10:54:57 [INFO] Canlı doğrulamada 5 kod elendi (işlem görmüyor): ANACM, KOZAA, KOZAL, KERVT, ZEREN
10:54:57 [INFO] Doğrulanmış 90 BIST 100 hissesi taranacak.
10:54:57 [INFO] Taranacak hisse sayısı: 90
10:54:57 [INFO] [1/90] AKBNK indiriliyor...
10:54:58 [INFO] [2/90] AKSEN indiriliyor...
10:54:58 [INFO] [3/90] ALARK indiriliyor...
10:54:59 [INFO] [4/90] ALBRK indiriliyor...
10:55:00 [INFO] [5/90] ALFAS indiriliyor...
10:55:01 [INFO] [6/90] ALKIM indiriliyor...
10:55:01 [INFO] [7/90] ARCLK indiriliyor...
10:55:02 [INFO] [8/90] ARDYZ indiriliyor...
10:55:02 [INFO] [9/90] ASELS indiriliyor...
10:55:03 [INFO] [10/90] ASTOR indiriliyor...
10:55:04 [INFO] [11/90] AYDEM indiriliyor...
10:55:05 [INFO] [12/90] AYGAZ indiriliyor...
10:55:05 [INFO] [13/90] BERA indiriliyor...
10:55:06 [INFO] [14/90] BIMAS indiriliyor...
10:55:07 [INFO] [15/90] BRISA indiriliyor...
10:55:07 [INFO] [16/90] BRYAT indiriliyor...
10:55:08 [INFO] [17/90] BTCIM indiriliyor...
10:55:09 [INFO] [18/90] CCOLA indiriliyor...
10:55:10 [INFO] [19/90] CIMSA indiriliyor...
10:55:10 [INFO] [20/90] CWENE indiriliyor...
10:55:11 [INFO] [21/90] DOAS indiriliyor...
10:55:12 [INFO] [22/90] DOHOL indiriliyor...
10:55:12 [INFO] [23/90] EKGYO indiriliyor...
10:55:13 [INFO] [24/90] ENERY indiriliyor...
10:55:14 [INFO] [25/90] ENJSA indiriliyor...
10:55:14 [INFO] [26/90] ENKAI indiriliyor...
10:55:15 [INFO] [27/90] ERBOS indiriliyor...
10:55:16 [INFO] [28/90] EREGL indiriliyor...
10:55:17 [INFO] [29/90] EUPWR indiriliyor...
10:55:17 [INFO] [30/90] FROTO indiriliyor...
10:55:18 [INFO] [31/90] GARAN indiriliyor...
10:55:18 [INFO] [32/90] GESAN indiriliyor...
10:55:19 [INFO] [33/90] GUBRF indiriliyor...
10:55:20 [INFO] [34/90] HALKB indiriliyor...
10:55:20 [INFO] [35/90] HEKTS indiriliyor...
10:55:21 [INFO] [36/90] ISCTR indiriliyor...
10:55:23 [INFO] [37/90] ISFIN indiriliyor...
10:55:23 [INFO] [38/90] ISGYO indiriliyor...
10:55:24 [INFO] [39/90] ISMEN indiriliyor...
10:55:25 [INFO] [40/90] KARSN indiriliyor...
10:55:25 [INFO] [41/90] KCAER indiriliyor...
10:55:26 [INFO] [42/90] KCHOL indiriliyor...
10:55:27 [INFO] [43/90] KLNMA indiriliyor...
10:55:28 [INFO] [44/90] KONTR indiriliyor...
10:55:29 [INFO] [45/90] KONYA indiriliyor...
10:55:30 [INFO] [46/90] KORDS indiriliyor...
10:55:31 [INFO] [47/90] KRDMD indiriliyor...
10:55:32 [INFO] [48/90] LOGO indiriliyor...
10:55:32 [INFO] [49/90] MAVI indiriliyor...
10:55:33 [INFO] [50/90] MGROS indiriliyor...
10:55:34 [INFO] [51/90] MIATK indiriliyor...
10:55:35 [INFO] [52/90] OTKAR indiriliyor...
10:55:35 [INFO] [53/90] OYAKC indiriliyor...
10:55:36 [INFO] [54/90] PEKGY indiriliyor...
10:55:37 [INFO] [55/90] PETKM indiriliyor...
10:55:38 [INFO] [56/90] PGSUS indiriliyor...
10:55:38 [INFO] [57/90] SAHOL indiriliyor...
10:55:39 [INFO] [58/90] SASA indiriliyor...
10:55:39 [INFO] [59/90] SISE indiriliyor...
10:55:40 [INFO] [60/90] SKBNK indiriliyor...
10:55:42 [INFO] [61/90] SOKM indiriliyor...
10:55:43 [INFO] [62/90] TAVHL indiriliyor...
10:55:44 [INFO] [63/90] TCELL indiriliyor...
10:55:44 [INFO] [64/90] THYAO indiriliyor...
10:55:45 [INFO] [65/90] TKFEN indiriliyor...
10:55:46 [INFO] [66/90] TMSN indiriliyor...
10:55:47 [INFO] [67/90] TOASO indiriliyor...
10:55:48 [INFO] [68/90] TSKB indiriliyor...
10:55:48 [INFO] [69/90] TTKOM indiriliyor...
10:55:49 [INFO] [70/90] TTRAK indiriliyor...
10:55:49 [INFO] [71/90] TUPRS indiriliyor...
10:55:50 [INFO] [72/90] ULKER indiriliyor...
10:55:51 [INFO] [73/90] VAKBN indiriliyor...
10:55:52 [INFO] [74/90] VESTL indiriliyor...
10:55:52 [INFO] [75/90] YKBNK indiriliyor...
10:55:53 [INFO] [76/90] AGESA indiriliyor...
10:55:53 [INFO] [77/90] ODAS indiriliyor...
10:55:54 [INFO] [78/90] TRGYO indiriliyor...
10:55:55 [INFO] [79/90] KCAER indiriliyor...
10:55:56 [INFO] [80/90] SELEC indiriliyor...
10:55:56 [INFO] [81/90] KMPUR indiriliyor...
10:55:57 [INFO] [82/90] NETAS indiriliyor...
10:55:58 [INFO] [83/90] RGYAS indiriliyor...
10:55:58 [INFO] [84/90] PARSN indiriliyor...
10:55:59 [INFO] [85/90] UFUK indiriliyor...
10:56:00 [INFO] [86/90] QUAGR indiriliyor...
10:56:01 [INFO] [87/90] TURSG indiriliyor...
10:56:02 [INFO] [88/90] SMRTG indiriliyor...
10:56:03 [INFO] [89/90] YYLGD indiriliyor...
10:56:04 [INFO] [90/90] VERUS indiriliyor...
10:56:04 [INFO] Toplam 89/90 hisse için veri indirildi.
10:56:05 [INFO] Analiz tamamlandı. 89 hisse analiz edildi.
10:56:06 [INFO]   SASA | Skor: 4/6 | RSI: 53.1 | NVI: ✓ | Güvenilirlik: ORTA | Telegram: GÖNDERILDI
10:56:08 [INFO]   VESTL | Skor: 4/6 | RSI: 42.9 | NVI: ✗ | Güvenilirlik: DÜŞÜK | Telegram: GÖNDERILDI
10:56:09 [INFO]   ASELS | Skor: 3/6 | RSI: 53.8 | NVI: ✗ | Güvenilirlik: ORTA | Telegram: GÖNDERILDI
10:56:12 [INFO]   BTCIM | Skor: 3/6 | RSI: 46.5 | NVI: ✗ | Güvenilirlik: ORTA | Telegram: GÖNDERILDI
10:56:13 [INFO]   CIMSA | Skor: 3/6 | RSI: 44.4 | NVI: ✗ | Güvenilirlik: ORTA | Telegram: GÖNDERILDI
10:56:15 [INFO]   ENJSA | Skor: 3/6 | RSI: 47.9 | NVI: ✗ | Güvenilirlik: ORTA | Telegram: GÖNDERILDI
10:56:17 [INFO]   ISMEN | Skor: 3/6 | RSI: 44.6 | NVI: ✗ | Güvenilirlik: YÜKSEK | Telegram: GÖNDERILDI
10:56:19 [INFO]   KONYA | Skor: 3/6 | RSI: 49.4 | NVI: ✗ | Güvenilirlik: ORTA | Telegram: GÖNDERILDI
10:56:21 [INFO]   SISE | Skor: 3/6 | RSI: 51.4 | NVI: ✗ | Güvenilirlik: ORTA | Telegram: GÖNDERILDI
10:56:23 [INFO]   TSKB | Skor: 3/6 | RSI: 59.6 | NVI: ✓ | Güvenilirlik: YÜKSEK | Telegram: GÖNDERILDI
10:56:25 [INFO]   ULKER | Skor: 3/6 | RSI: 46.8 | NVI: ✗ | Güvenilirlik: ORTA | Telegram: GÖNDERILDI
10:56:26 [INFO]   SELEC | Skor: 3/6 | RSI: 85.9 | NVI: ✓ | Güvenilirlik: DÜŞÜK | Telegram: GÖNDERILDI
10:56:28 [INFO]   KMPUR | Skor: 3/6 | RSI: 52.2 | NVI: ✗ | Güvenilirlik: ORTA | Telegram: GÖNDERILDI
10:56:29 [INFO]   YYLGD | Skor: 3/6 | RSI: 47.7 | NVI: ✗ | Güvenilirlik: YÜKSEK | Telegram: GÖNDERILDI
10:56:30 [INFO] İzleme listesi (41 hisse):
10:56:30 [INFO]   👀 AKBNK | Skor: 2/6 | RSI: 70.0
10:56:30 [INFO]   👀 AKSEN | Skor: 2/6 | RSI: 53.4
10:56:30 [INFO]   👀 ALBRK | Skor: 2/6 | RSI: 58.9
10:56:30 [INFO]   👀 ALKIM | Skor: 2/6 | RSI: 62.1
10:56:30 [INFO]   👀 BRISA | Skor: 2/6 | RSI: 46.7
10:56:30 [INFO]   👀 CCOLA | Skor: 2/6 | RSI: 51.6
10:56:30 [INFO]   👀 CWENE | Skor: 2/6 | RSI: 59.4
10:56:30 [INFO]   👀 EKGYO | Skor: 2/6 | RSI: 64.8
10:56:30 [INFO]   👀 ENERY | Skor: 2/6 | RSI: 65.8
10:56:30 [INFO]   👀 ERBOS | Skor: 2/6 | RSI: 41.8
10:56:30 [INFO] Tarama tamamlandı.

11:12:22 [INFO] ==================================================
11:12:22 [INFO] BIST 100 TARAMASI BAŞLIYOR
11:12:22 [INFO] ==================================================
11:12:22 [INFO] Canlı API'den 645 işlem gören hisse kodu alındı.
11:12:22 [INFO] Canlı doğrulamada 5 kod elendi (işlem görmüyor): ANACM, KOZAA, KOZAL, KERVT, ZEREN
11:12:22 [INFO] Doğrulanmış 90 BIST 100 hissesi taranacak.
11:12:22 [INFO] Taranacak hisse sayısı: 90
11:12:22 [INFO] [1/90] AKBNK indiriliyor...
11:12:24 [INFO] [2/90] AKSEN indiriliyor...
11:12:24 [INFO] [3/90] ALARK indiriliyor...
11:12:25 [INFO] [4/90] ALBRK indiriliyor...
11:12:25 [INFO] [5/90] ALFAS indiriliyor...
11:12:27 [INFO] [6/90] ALKIM indiriliyor...
11:12:28 [INFO] [7/90] ARCLK indiriliyor...
11:12:29 [INFO] [8/90] ARDYZ indiriliyor...
11:12:29 [INFO] [9/90] ASELS indiriliyor...
11:12:30 [INFO] [10/90] ASTOR indiriliyor...
11:12:31 [INFO] [11/90] AYDEM indiriliyor...
11:12:32 [INFO] [12/90] AYGAZ indiriliyor...
11:12:33 [INFO] [13/90] BERA indiriliyor...
11:12:34 [INFO] [14/90] BIMAS indiriliyor...
11:12:34 [INFO] [15/90] BRISA indiriliyor...
11:12:35 [INFO] [16/90] BRYAT indiriliyor...
11:12:36 [INFO] [17/90] BTCIM indiriliyor...
11:12:36 [INFO] [18/90] CCOLA indiriliyor...
11:12:37 [INFO] [19/90] CIMSA indiriliyor...
11:12:37 [INFO] [20/90] CWENE indiriliyor...
11:12:38 [INFO] [21/90] DOAS indiriliyor...
11:12:39 [INFO] [22/90] DOHOL indiriliyor...
11:12:40 [INFO] [23/90] EKGYO indiriliyor...
11:12:41 [INFO] [24/90] ENERY indiriliyor...
11:12:42 [INFO] [25/90] ENJSA indiriliyor...
11:12:43 [INFO] [26/90] ENKAI indiriliyor...
11:12:44 [INFO] [27/90] ERBOS indiriliyor...
11:12:44 [INFO] [28/90] EREGL indiriliyor...
11:12:45 [INFO] [29/90] EUPWR indiriliyor...
11:12:46 [INFO] [30/90] FROTO indiriliyor...
11:12:47 [INFO] [31/90] GARAN indiriliyor...
11:12:48 [INFO] [32/90] GESAN indiriliyor...
11:12:48 [INFO] [33/90] GUBRF indiriliyor...
11:12:49 [INFO] [34/90] HALKB indiriliyor...
11:12:50 [INFO] [35/90] HEKTS indiriliyor...
11:12:50 [INFO] [36/90] ISCTR indiriliyor...
11:12:51 [INFO] [37/90] ISFIN indiriliyor...
11:12:51 [INFO] [38/90] ISGYO indiriliyor...
11:12:52 [INFO] [39/90] ISMEN indiriliyor...
11:12:53 [INFO] [40/90] KARSN indiriliyor...
11:12:54 [INFO] [41/90] KCAER indiriliyor...
11:12:54 [INFO] [42/90] KCHOL indiriliyor...
11:12:55 [INFO] [43/90] KLNMA indiriliyor...
11:12:56 [INFO] [44/90] KONTR indiriliyor...
11:12:56 [INFO] [45/90] KONYA indiriliyor...
11:12:57 [INFO] [46/90] KORDS indiriliyor...
11:12:58 [INFO] [47/90] KRDMD indiriliyor...
11:12:59 [INFO] [48/90] LOGO indiriliyor...
11:12:59 [INFO] [49/90] MAVI indiriliyor...
11:13:00 [INFO] [50/90] MGROS indiriliyor...
11:13:01 [INFO] [51/90] MIATK indiriliyor...
11:13:03 [INFO] [52/90] OTKAR indiriliyor...
11:13:03 [INFO] [53/90] OYAKC indiriliyor...
11:13:04 [INFO] [54/90] PEKGY indiriliyor...
11:13:05 [INFO] [55/90] PETKM indiriliyor...
11:13:05 [INFO] [56/90] PGSUS indiriliyor...
11:13:07 [INFO] [57/90] SAHOL indiriliyor...
11:13:08 [INFO] [58/90] SASA indiriliyor...
11:13:08 [INFO] [59/90] SISE indiriliyor...
11:13:09 [INFO] [60/90] SKBNK indiriliyor...
11:13:09 [INFO] [61/90] SOKM indiriliyor...
11:13:10 [INFO] [62/90] TAVHL indiriliyor...
11:13:10 [INFO] [63/90] TCELL indiriliyor...
11:13:11 [INFO] [64/90] THYAO indiriliyor...
11:13:12 [INFO] [65/90] TKFEN indiriliyor...
11:13:13 [INFO] [66/90] TMSN indiriliyor...
11:13:13 [INFO] [67/90] TOASO indiriliyor...
11:13:14 [INFO] [68/90] TSKB indiriliyor...
11:13:15 [INFO] [69/90] TTKOM indiriliyor...
11:13:15 [INFO] [70/90] TTRAK indiriliyor...
11:13:17 [INFO] [71/90] TUPRS indiriliyor...
11:13:17 [INFO] [72/90] ULKER indiriliyor...
11:13:18 [INFO] [73/90] VAKBN indiriliyor...
11:13:19 [INFO] [74/90] VESTL indiriliyor...
11:13:19 [INFO] [75/90] YKBNK indiriliyor...
11:13:20 [INFO] [76/90] AGESA indiriliyor...
11:13:21 [INFO] [77/90] ODAS indiriliyor...
11:13:22 [INFO] [78/90] TRGYO indiriliyor...
11:13:23 [INFO] [79/90] KCAER indiriliyor...
11:13:24 [INFO] [80/90] SELEC indiriliyor...
11:13:24 [INFO] [81/90] KMPUR indiriliyor...
11:13:25 [INFO] [82/90] NETAS indiriliyor...
11:13:26 [INFO] [83/90] RGYAS indiriliyor...
11:13:26 [INFO] [84/90] PARSN indiriliyor...
11:13:27 [INFO] [85/90] UFUK indiriliyor...
11:13:27 [INFO] [86/90] QUAGR indiriliyor...
11:13:28 [INFO] [87/90] TURSG indiriliyor...
11:13:30 [INFO] [88/90] SMRTG indiriliyor...
11:13:31 [INFO] [89/90] YYLGD indiriliyor...
11:13:31 [INFO] [90/90] VERUS indiriliyor...
11:13:32 [INFO] Toplam 89/90 hisse için veri indirildi.
11:13:32 [INFO] Analiz tamamlandı. 89 hisse analiz edildi.
11:13:34 [INFO]   SASA | Skor: 4/6 | RSI: 53.5 | Güvenilirlik: ORTA | Haber: NÖTR | Telegram: GÖNDERILDI
11:13:37 [INFO]   VESTL | Skor: 4/6 | RSI: 43.8 | Güvenilirlik: DÜŞÜK | Haber: OLUMLU | Telegram: GÖNDERILDI
11:13:41 [INFO]   SELEC | Skor: 4/6 | RSI: 85.9 | Güvenilirlik: DÜŞÜK | Haber: OLUMLU | Telegram: GÖNDERILDI
11:13:43 [INFO]   ASELS | Skor: 3/6 | RSI: 54.0 | Güvenilirlik: ORTA | Haber: NÖTR | Telegram: GÖNDERILDI
11:13:47 [INFO]   BTCIM | Skor: 3/6 | RSI: 47.7 | Güvenilirlik: ORTA | Haber: NÖTR | Telegram: GÖNDERILDI
11:13:50 [INFO]   CIMSA | Skor: 3/6 | RSI: 45.1 | Güvenilirlik: YÜKSEK | Haber: OLUMLU | Telegram: GÖNDERILDI
11:13:53 [INFO]   ENJSA | Skor: 3/6 | RSI: 48.1 | Güvenilirlik: ORTA | Haber: OLUMLU | Telegram: GÖNDERILDI
11:13:55 [INFO]   ISMEN | Skor: 3/6 | RSI: 45.1 | Güvenilirlik: YÜKSEK | Haber: OLUMLU | Telegram: GÖNDERILDI
11:13:58 [INFO]   PETKM | Skor: 3/6 | RSI: 38.2 | Güvenilirlik: YÜKSEK | Haber: NÖTR | Telegram: GÖNDERILDI
11:14:04 [INFO]   SISE | Skor: 3/6 | RSI: 51.8 | Güvenilirlik: ORTA | Haber: NÖTR | Telegram: GÖNDERILDI
11:14:07 [INFO]   TSKB | Skor: 3/6 | RSI: 59.9 | Güvenilirlik: YÜKSEK | Haber: OLUMLU | Telegram: GÖNDERILDI
11:14:15 [INFO]   TTRAK | Skor: 3/6 | RSI: 47.6 | Güvenilirlik: ORTA | Haber: OLUMLU | Telegram: GÖNDERILDI
11:14:18 [INFO]   ULKER | Skor: 3/6 | RSI: 47.0 | Güvenilirlik: ORTA | Haber: OLUMLU | Telegram: GÖNDERILDI
11:14:20 [INFO]   KMPUR | Skor: 3/6 | RSI: 51.9 | Güvenilirlik: ORTA | Haber: OLUMLU | Telegram: GÖNDERILDI
11:14:23 [INFO]   YYLGD | Skor: 3/6 | RSI: 48.4 | Güvenilirlik: YÜKSEK | Haber: OLUMLU | Telegram: GÖNDERILDI
11:14:23 [INFO] İzleme listesi (43 hisse):
11:14:23 [INFO]   👀 AKBNK | Skor: 2/6 | RSI: 70.9
11:14:23 [INFO]   👀 AKSEN | Skor: 2/6 | RSI: 53.0
11:14:23 [INFO]   👀 ALBRK | Skor: 2/6 | RSI: 60.1
11:14:23 [INFO]   👀 ALKIM | Skor: 2/6 | RSI: 62.2
11:14:23 [INFO]   👀 AYGAZ | Skor: 2/6 | RSI: 34.9
11:14:23 [INFO]   👀 BRISA | Skor: 2/6 | RSI: 47.8
11:14:23 [INFO]   👀 BRYAT | Skor: 2/6 | RSI: 48.2
11:14:23 [INFO]   👀 CCOLA | Skor: 2/6 | RSI: 51.9
11:14:23 [INFO]   👀 CWENE | Skor: 2/6 | RSI: 58.7
11:14:23 [INFO]   👀 EKGYO | Skor: 2/6 | RSI: 65.4
11:14:23 [INFO] Tarama tamamlandı.

